<?xml version="1.0" encoding="UTF-8"?>
<!-- Generated by org.testng.reporters.JUnitReportReporter -->
<testsuite hostname="Lenovo" failures="0" tests="8" name="AllTestClasses.VerifyTheApplicationFunctionality" time="93.081" errors="0" timestamp="2023-05-16T17:24:27 IST" skipped="4">
  <testcase classname="AllTestClasses.VerifyTheApplicationFunctionality" name="VerifyAddToCart" time="24.460"/>
  <system-out/>
  <testcase classname="AllTestClasses.VerifyTheApplicationFunctionality" name="VerifyProductRemoveInAddToCart" time="23.962"/>
  <system-out/>
  <testcase classname="AllTestClasses.VerifyTheApplicationFunctionality" name="verifyDatePickerInJewelryModule" time="27.659"/>
  <system-out/>
  <testcase classname="AllTestClasses.VerifyTheApplicationFunctionality" name="verifySearchBoxWorking" time="17.000"/>
  <system-out/>
  <testcase classname="AllTestClasses.VerifyTheApplicationFunctionality" name="myFirstTest">
    <skipped/>
  </testcase> <!-- myFirstTest -->
  <system-out/>
  <testcase classname="AllTestClasses.VerifyTheApplicationFunctionality" name="VerifyLoginButton">
    <skipped/>
  </testcase> <!-- VerifyLoginButton -->
  <system-out/>
  <testcase classname="AllTestClasses.VerifyTheApplicationFunctionality" name="VerifyTheRegistrationDetails">
    <skipped/>
  </testcase> <!-- VerifyTheRegistrationDetails -->
  <system-out/>
  <testcase classname="AllTestClasses.VerifyTheApplicationFunctionality" name="VerifyApplicationHomePage">
    <skipped/>
  </testcase> <!-- VerifyApplicationHomePage -->
  <system-out/>
</testsuite> <!-- AllTestClasses.VerifyTheApplicationFunctionality -->
