<?xml version="1.0" encoding="UTF-8"?>
<!-- Generated by org.testng.reporters.JUnitReportReporter -->
<testsuite hostname="Lenovo" failures="0" tests="2" name="AllTestClasses.VerifyTheLogin" time="9.721" errors="0" timestamp="2023-03-05T19:54:06 IST" skipped="0">
  <testcase classname="AllTestClasses.VerifyTheLogin" name="myFirstTest" time="3.642"/>
  <system-out/>
  <testcase classname="AllTestClasses.VerifyTheLogin" name="VerifyTheRegistrationDetails" time="6.079"/>
  <system-out/>
</testsuite> <!-- AllTestClasses.VerifyTheLogin -->
