<?xml version="1.0" encoding="UTF-8"?>
<!-- Generated by org.testng.reporters.JUnitReportReporter -->
<testsuite hostname="Lenovo" failures="0" tests="5" name="AllTestClasses.VerifyTheApplicationFunctionality" time="21.937" errors="0" timestamp="2023-05-09T15:47:09 IST" skipped="4">
  <testcase classname="AllTestClasses.VerifyTheApplicationFunctionality" name="verifySearchBoxWorking" time="21.937"/>
  <system-out/>
  <testcase classname="AllTestClasses.VerifyTheApplicationFunctionality" name="myFirstTest">
    <skipped/>
  </testcase> <!-- myFirstTest -->
  <system-out/>
  <testcase classname="AllTestClasses.VerifyTheApplicationFunctionality" name="VerifyLoginButton">
    <skipped/>
  </testcase> <!-- VerifyLoginButton -->
  <system-out/>
  <testcase classname="AllTestClasses.VerifyTheApplicationFunctionality" name="VerifyTheRegistrationDetails">
    <skipped/>
  </testcase> <!-- VerifyTheRegistrationDetails -->
  <system-out/>
  <testcase classname="AllTestClasses.VerifyTheApplicationFunctionality" name="VerifyApplicationHomePage">
    <skipped/>
  </testcase> <!-- VerifyApplicationHomePage -->
  <system-out/>
</testsuite> <!-- AllTestClasses.VerifyTheApplicationFunctionality -->
